ok: [127.0.0.1] => {
    "output": {
        "ansible_facts": {
            "azure_publicipaddresses": [
                {
                    "etag": "W/\"ca361ee2-1fd8-4d5a-897d-9bcafea05d77\"", 
                    "id": "/subscriptions/f64d4ee8-be94-457d-ba26-3fa6b6506cef/resourceGroups/v-xisuRG/providers/Microsoft.Network/publicIPAddresses/myVM-ip", 
                    "location": "eastus", 
                    "name": "myVM-ip", 
                    "properties": {
                        "idleTimeoutInMinutes": 4, 
                        "ipAddress": "13.90.250.114", 
                        "ipConfiguration": {
                            "id": "/subscriptions/f64d4ee8-be94-457d-ba26-3fa6b6506cef/resourceGroups/v-xisuRG/providers/Microsoft.Network/networkInterfaces/myvm792/ipConfigurations/ipconfig1"
                        }, 
                        "ipTags": [], 
                        "provisioningState": "Succeeded", 
                        "publicIPAddressVersion": "IPv4", 
                        "publicIPAllocationMethod": "Dynamic", 
                        "resourceGuid": "cb740b46-07b1-4152-8990-5f19e4e86bb9"
                    }, 
                    "sku": {
                        "name": "Basic"
                    }, 
                    "type": "Microsoft.Network/publicIPAddresses"
                }
            ]
        }, 
        "changed": false, 
        "failed": false, 
        "publicipaddresses": [
            {
                "allocation_method": "dynamic", 
                "dns_settings": {}, 
                "etag": "W/\"ca361ee2-1fd8-4d5a-897d-9bcafea05d77\"", 
                "id": "/subscriptions/f64d4ee8-be94-457d-ba26-3fa6b6506cef/resourceGroups/v-xisuRG/providers/Microsoft.Network/publicIPAddresses/myVM-ip", 
                "idle_timeout": 4, 
                "ip_address": "13.90.250.114", 
                "ip_tags": {}, 
                "location": "eastus", 
                "name": "myVM-ip", 
                "provisioning_state": "Succeeded", 
                "sku": "Basic", 
                "tags": null, 
                "type": "Microsoft.Network/publicIPAddresses", 
                "version": "ipv4"
            }
        ]
    }
}

