Manage an Azure Cont...    
Manage a managed Azu...    
Get Azure Kubernetes...     
Get available kubern...     
Manage Application G...     
Manage Azure Applica...     
Get Azure Applicatio...     
Manage App Service P...    
Get azure app servic...    
Manage Azure autosca...     
Get Azure Auto Scale...    
Manage Azure availab...     
Get availability set...     
Manage a Azure CDN e...   
Get Azure CDN endpoi...    
Manage a Azure CDN p...   
Get Azure CDN profil...    
Manage an Azure Cont...    
Get Azure Container ...    
Manage an Azure Cont...    
Get Azure Container ...    
Manage Azure Databas...     
Get Azure Cosmos DB ...   
Create or destroy Az...    
Get Azure Deployment...     
Manage Azure DevTest...     
Get Azure DevTest La...    
Get Azure DevTest La...    
Get Azure DevTest La...    
Manage Azure DevTest...     
Get Azure DevTest La...    
Manage Azure DevTest...     
Get Azure DevTest La...    
Manage Azure DevTest...     
Get Azure Environmen...     
Manage Azure Policy ...    
Get Azure DTL Policy...    
Manage Azure DevTest...     
Get Azure Schedule f...    
Manage Azure DevTest...     
Get Azure DevTest La...    
Manage Azure DevTest...     
Get Azure DevTest La...    
Create, delete and u...    
Get DNS Record Set f...   
Manage Azure DNS zon...    
Get DNS zone facts    
Manage Azure Functio...     
Get Azure Function A...    
Manage Azure HDInsig...     
Get Azure HDInsight ...    
Get Azure DevTest La...    
Manage Azure DevTest...     
Get Azure DevTest La...    
Manage Azure DevTest...     
Get Azure DevTest La...    
Manage Azure DevTest...     
Get Azure Environmen...     
Manage Azure Policy ...    
Get Azure DTL Policy...    
Manage Azure DevTest...     
Get Azure Schedule f...    
Manage Azure DevTest...     
Get Azure DevTest La...    
Manage Azure DevTest...     
Get Azure DevTest La...    
Create, delete and u...    
Get DNS Record Set f...   
Manage Azure DNS zon...    
Get DNS zone facts    
Manage Azure Functio...     
Get Azure Function A...    
Manage Azure HDInsig...     
Get Azure HDInsight ...    
Get Azure DevTest La...    
Manage Azure DevTest...     
Get Azure DevTest La...    
Manage Azure DevTest...     
Get Azure DevTest La...    
Manage Azure DevTest...     
Get Azure Environmen...     
Manage Azure Policy ...    
Get Azure DTL Policy...    
Manage Azure DevTest...     
Get Azure Schedule f...    
Manage Azure DevTest...     
Get Azure DevTest La...    
Manage Azure DevTest...     
Get Azure DevTest La...    
Create, delete and u...    
Get DNS Record Set f...   
Manage Azure DNS zon...    
Get DNS zone facts    
Manage Azure Functio...     
Get Azure Function A...    
Manage Azure HDInsig...     
Get Azure HDInsight ...    
Manage Azure image     
Get facts about azur...    
Manage Key Vault ins...    
Use Azure KeyVault k...    
Use Azure KeyVault S...    
Manage Azure load ba...    
Get load balancer fa...    
Manage Azure Log Ana...    
Get facts of Azure L...   
Manage Azure Manage ...    
Get managed disk fac...    
Manage Azure Manage ...    
Get managed disk fac...    
Manage Configuration...      
Get Azure MariaDB Co...    
Manage MariaDB Datab...     
Get Azure MariaDB Da...    
Manage MariaDB firew...     
Get Azure MariaDB Fi...    
Manage MariaDB Serve...     
Get Azure MariaDB Se...    
Manage Configuration...      
Get Azure MySQL Conf...    
Manage MySQL Databas...     
Get Azure MySQL Data...    
Manage MySQL firewal...     
Get Azure MySQL Fire...    
Manage MySQL Server ...    
Get Azure MySQL Serv...    
Manage Azure network...     
Get network interfac...     
Manage Azure Postgre...     
Get Azure PostgreSQL...     
Manage PostgreSQL Da...     
Get Azure PostgreSQL...     
Manage PostgreSQL fi...     
Get Azure PostgreSQL...     
Manage PostgreSQL Se...     
Get Azure PostgreSQL...     
Manage Azure Public ...    
Get public IP facts    
Manage Azure Cache f...    
Get Azure Cache for ...   
Manage Azure Cache f...    
Create any Azure res...    
Generic facts of Azu...    
Manage Azure resourc...     
Get resource group f...    
Manage Azure Role As...    
Gets Azure Role Assi...    
Manage Azure Role De...    
Get Azure Role Defin...    
Manage Azure route r...    
Manage Azure route t...    
Get route table fact...    
Manage Azure network...     
Get security group f...    
Manage Azure Service...     
Get servicebus facts     
Manage Azure Service...     
Manage Azure Service...     
Manage Azure Service...     
Manage Azure Service...     
Manage SQL Database ...    
Get Azure SQL Databa...    
Manage Firewall Rule...     
Get Azure SQL Firewa...    
Manage SQL Server in...    
Get SQL Server facts    
Manage Azure storage...     
Get storage account ...    
Manage blob containe...     
Manage Azure subnets     
Get Azure Subnet fac...    
Manage Azure Traffic...     
Get Azure Traffic Ma...    
Manage Azure Traffic...     
Get Azure Traffic Ma...    
Manage Azure virtual...     
Managed Azure Virtua...     
Get virtual machine ...    
Manage Azure virtual...     
Get Virtual Machine ...    
Managed Azure Virtua...     
Get Azure Virtual Ma...    
Get virtual machine ...    
Manage Azure virtual...     
Get Virtual Machine ...    
Managed Azure Virtua...     
Get Azure Virtual Ma...    
Get Azure Virtual Ma...    
Get Azure Virtual Ma...    
Manage Azure virtual...     
Get virtual network ...    
Manage Azure virtual...     
Manage Azure Virtual...     
Get facts of Azure V...   
Manage Web App insta...    
Get azure web app fa...   
